[31-Oct-2023 16:51:42 UTC] PHP Warning:  filemtime(): stat failed for C:\Users\AdN WoRK\Local Sites\planty\app\public/wp-content/themes/astra-child/css/theme.css in C:\Users\AdN WoRK\Local Sites\planty\app\public\wp-content\themes\astra-child\functions.php on line 6
[31-Oct-2023 16:51:42 UTC] PHP Warning:  filemtime(): stat failed for C:\Users\AdN WoRK\Local Sites\planty\app\public/wp-content/themes/astra-child/css/theme.css in C:\Users\AdN WoRK\Local Sites\planty\app\public\wp-content\themes\astra-child\functions.php on line 6
[31-Oct-2023 17:34:57 UTC] Sync process for Gutenberg Blocks has started.
[31-Oct-2023 17:34:57 UTC] CATEGORY:Importing categories..
[31-Oct-2023 17:34:57 UTC] CATEGORY:Storing in option ast-block-templates-categories
[31-Oct-2023 17:34:57 UTC] CATEGORY:Completed category import.
[31-Oct-2023 17:34:57 UTC] BLOCK: Getting Total Blocks
[31-Oct-2023 17:34:57 UTC] BLOCK: https://websitedemos.net/wp-json/astra-blocks/v1/get-blocks-count/?page_builder=gutenberg&wireframe=yes
[31-Oct-2023 17:34:57 UTC] BLOCK: Requests count 4
[31-Oct-2023 17:34:57 UTC] BLOCK: Importing request 1 ..
[31-Oct-2023 17:34:57 UTC] BLOCK: https://websitedemos.net/wp-json/astra-blocks/v1/blocks/?page_builder=gutenberg&per_page=100&page=1&wireframe=yes
[31-Oct-2023 17:34:57 UTC] BLOCK: Storing in option ast-block-templates-blocks-1
[31-Oct-2023 17:34:57 UTC] BLOCK: Completed request 1
[31-Oct-2023 17:34:57 UTC] BLOCK: Importing request 2 ..
[31-Oct-2023 17:34:57 UTC] BLOCK: https://websitedemos.net/wp-json/astra-blocks/v1/blocks/?page_builder=gutenberg&per_page=100&page=2&wireframe=yes
[31-Oct-2023 17:34:57 UTC] BLOCK: Storing in option ast-block-templates-blocks-2
[31-Oct-2023 17:34:57 UTC] BLOCK: Completed request 2
[31-Oct-2023 17:34:57 UTC] BLOCK: Importing request 3 ..
[31-Oct-2023 17:34:57 UTC] BLOCK: https://websitedemos.net/wp-json/astra-blocks/v1/blocks/?page_builder=gutenberg&per_page=100&page=3&wireframe=yes
[31-Oct-2023 17:34:57 UTC] BLOCK: Storing in option ast-block-templates-blocks-3
[31-Oct-2023 17:34:57 UTC] BLOCK: Completed request 3
[31-Oct-2023 17:34:57 UTC] BLOCK: Importing request 4 ..
[31-Oct-2023 17:34:57 UTC] BLOCK: https://websitedemos.net/wp-json/astra-blocks/v1/blocks/?page_builder=gutenberg&per_page=100&page=4&wireframe=yes
[31-Oct-2023 17:34:58 UTC] BLOCK: Storing in option ast-block-templates-blocks-4
[31-Oct-2023 17:34:58 UTC] BLOCK: Completed request 4
[31-Oct-2023 17:34:58 UTC] SITE: Getting Total Sites
[31-Oct-2023 17:34:58 UTC] SITE: https://websitedemos.net/wp-json/astra-sites/v1/get-total-pages/?page_builder=gutenberg
[31-Oct-2023 17:34:58 UTC] SITE: Request count 2
[31-Oct-2023 17:34:58 UTC] SITE: Importing request 1 ..
[31-Oct-2023 17:34:58 UTC] SITE: https://websitedemos.net/wp-json/astra-sites/v1/sites-and-pages/?per_page=100&page=1&page-builder=gutenberg
[31-Oct-2023 17:34:58 UTC] SITE: Storing in option ast-block-templates-sites-1
[31-Oct-2023 17:34:58 UTC] SITE: Completed request 1
[31-Oct-2023 17:34:58 UTC] SITE: Importing request 2 ..
[31-Oct-2023 17:34:58 UTC] SITE: https://websitedemos.net/wp-json/astra-sites/v1/sites-and-pages/?per_page=100&page=2&page-builder=gutenberg
[31-Oct-2023 17:34:58 UTC] SITE: Storing in option ast-block-templates-sites-2
[31-Oct-2023 17:34:58 UTC] SITE: Completed request 2
[31-Oct-2023 17:34:58 UTC] Sync process for Gutenberg Blocks is done.
